--- 卷积层输入通道绝对平均梯度分析 (20_ckpt_91.39_usp0.75.pth) ---
分析日期和时间: 2025-07-25 17:30:53
PyTorch 版本: 2.6.0+cu124
数据集: CIFAR-10 测试集 (10000 样本)
Batch Size: 512
--------------------------------------------------------------------------------

卷积层: conv1
  输入形状 (C, H, W): torch.Size([3, 32, 32])
  输入通道数: 3
  通道绝对平均梯度 (降序):
    通道   1: 0.00026310
    通道   0: 0.00022281
    通道   2: 0.00016964

卷积层: layer1.0.conv1
  输入形状 (C, H, W): torch.Size([16, 32, 32])
  输入通道数: 16
  通道绝对平均梯度 (降序):
    通道   2: 0.00008240
    通道   8: 0.00005361
    通道   9: 0.00005108
    通道   1: 0.00004937
    通道   6: 0.00004925
    通道  14: 0.00004314
    通道  15: 0.00004085
    通道   5: 0.00003918
    通道   4: 0.00003916
    通道  13: 0.00003916
    通道  10: 0.00003830
    通道   0: 0.00003437
    通道  12: 0.00003342
    通道  11: 0.00003145
    通道   7: 0.00003063
    通道   3: 0.00002069

卷积层: layer1.0.conv2
  输入形状 (C, H, W): torch.Size([16, 32, 32])
  输入通道数: 16
  通道绝对平均梯度 (降序):
    通道   6: 0.00003510
    通道   7: 0.00003430
    通道   4: 0.00003360
    通道  15: 0.00003212
    通道   9: 0.00003055
    通道   8: 0.00003012
    通道  13: 0.00002511
    通道   5: 0.00002495
    通道   3: 0.00002489
    通道  11: 0.00002306
    通道   2: 0.00002295
    通道  14: 0.00002140
    通道   0: 0.00002085
    通道  10: 0.00001916
    通道  12: 0.00001803
    通道   1: 0.00001458

卷积层: layer1.1.conv1
  输入形状 (C, H, W): torch.Size([16, 32, 32])
  输入通道数: 16
  通道绝对平均梯度 (降序):
    通道   4: 0.00003329
    通道   6: 0.00003030
    通道   2: 0.00002975
    通道   8: 0.00002972
    通道   1: 0.00002787
    通道   9: 0.00002196
    通道  13: 0.00001941
    通道   5: 0.00001934
    通道  15: 0.00001881
    通道  14: 0.00001834
    通道   0: 0.00001830
    通道   3: 0.00001669
    通道   7: 0.00001568
    通道  12: 0.00001494
    通道  10: 0.00001447
    通道  11: 0.00001354

卷积层: layer1.1.conv2
  输入形状 (C, H, W): torch.Size([16, 32, 32])
  输入通道数: 16
  通道绝对平均梯度 (降序):
    通道   0: 0.00002858
    通道   2: 0.00002404
    通道  11: 0.00001918
    通道  10: 0.00001914
    通道   6: 0.00001851
    通道   8: 0.00001718
    通道   4: 0.00001610
    通道   3: 0.00001551
    通道   5: 0.00001546
    通道  15: 0.00001545
    通道  14: 0.00001540
    通道  12: 0.00001502
    通道  13: 0.00001448
    通道   1: 0.00001382
    通道   7: 0.00001327
    通道   9: 0.00001211

卷积层: layer1.2.conv1
  输入形状 (C, H, W): torch.Size([16, 32, 32])
  输入通道数: 16
  通道绝对平均梯度 (降序):
    通道   1: 0.00002026
    通道   4: 0.00001965
    通道   2: 0.00001833
    通道  13: 0.00001796
    通道   8: 0.00001772
    通道   5: 0.00001728
    通道   6: 0.00001728
    通道   9: 0.00001648
    通道   3: 0.00001585
    通道   7: 0.00001556
    通道   0: 0.00001545
    通道  14: 0.00001522
    通道  15: 0.00001512
    通道  10: 0.00001428
    通道  12: 0.00001222
    通道  11: 0.00000974

卷积层: layer1.2.conv2
  输入形状 (C, H, W): torch.Size([16, 32, 32])
  输入通道数: 16
  通道绝对平均梯度 (降序):
    通道   6: 0.00003035
    通道   8: 0.00002941
    通道  12: 0.00002879
    通道   0: 0.00002582
    通道   3: 0.00002408
    通道   2: 0.00002374
    通道   4: 0.00002283
    通道  13: 0.00002011
    通道  10: 0.00001931
    通道   9: 0.00001923
    通道  14: 0.00001762
    通道  15: 0.00001558
    通道  11: 0.00001480
    通道   1: 0.00001347
    通道   5: 0.00001327
    通道   7: 0.00001134

卷积层: layer2.0.conv1
  输入形状 (C, H, W): torch.Size([16, 32, 32])
  输入通道数: 16
  通道绝对平均梯度 (降序):
    通道   4: 0.00001853
    通道   1: 0.00001753
    通道   0: 0.00001475
    通道  15: 0.00001356
    通道  14: 0.00001337
    通道   5: 0.00001336
    通道   6: 0.00001283
    通道   3: 0.00001273
    通道  13: 0.00001247
    通道  12: 0.00001218
    通道   9: 0.00001213
    通道   7: 0.00001172
    通道   8: 0.00001089
    通道  10: 0.00001035
    通道   2: 0.00000996
    通道  11: 0.00000944

卷积层: layer2.0.conv2
  输入形状 (C, H, W): torch.Size([32, 16, 16])
  输入通道数: 32
  通道绝对平均梯度 (降序):
    通道   3: 0.00003721
    通道  31: 0.00003629
    通道  28: 0.00003505
    通道  26: 0.00003258
    通道   8: 0.00002956
    通道   9: 0.00002882
    通道  23: 0.00002880
    通道  21: 0.00002861
    通道   5: 0.00002839
    通道  17: 0.00002805
    通道  19: 0.00002795
    通道  18: 0.00002792
    通道   2: 0.00002759
    通道  11: 0.00002757
    通道  15: 0.00002744
    通道   1: 0.00002680
    通道   7: 0.00002605
    通道  13: 0.00002554
    通道   4: 0.00002554
    通道  20: 0.00002477
    通道  22: 0.00002403
    通道  27: 0.00002356
    通道   0: 0.00002329
    通道  30: 0.00002290
    通道  24: 0.00002282
    通道   6: 0.00002279
    通道  12: 0.00002279
    通道  29: 0.00002210
    通道  14: 0.00002194
    通道  16: 0.00002108
    通道  10: 0.00002082
    通道  25: 0.00001926

卷积层: layer2.1.conv1
  输入形状 (C, H, W): torch.Size([32, 16, 16])
  输入通道数: 32
  通道绝对平均梯度 (降序):
    通道  23: 0.00002359
    通道  22: 0.00002340
    通道  20: 0.00002159
    通道   9: 0.00002108
    通道  15: 0.00002049
    通道  14: 0.00002032
    通道  16: 0.00001965
    通道  13: 0.00001948
    通道  28: 0.00001887
    通道   8: 0.00001886
    通道  17: 0.00001880
    通道  18: 0.00001835
    通道  12: 0.00001805
    通道   7: 0.00001787
    通道  11: 0.00001703
    通道   5: 0.00001682
    通道  25: 0.00001657
    通道   0: 0.00001615
    通道  21: 0.00001602
    通道   1: 0.00001584
    通道  19: 0.00001494
    通道  10: 0.00001476
    通道   3: 0.00001395
    通道  31: 0.00001382
    通道  26: 0.00001373
    通道   4: 0.00001368
    通道  24: 0.00001363
    通道   6: 0.00001333
    通道  29: 0.00001313
    通道  27: 0.00001300
    通道   2: 0.00001221
    通道  30: 0.00001121

卷积层: layer2.1.conv2
  输入形状 (C, H, W): torch.Size([32, 16, 16])
  输入通道数: 32
  通道绝对平均梯度 (降序):
    通道  31: 0.00003679
    通道  15: 0.00003669
    通道  23: 0.00003628
    通道  26: 0.00003472
    通道  14: 0.00003381
    通道   0: 0.00003376
    通道   6: 0.00003358
    通道  19: 0.00003306
    通道  29: 0.00003235
    通道   1: 0.00003182
    通道   9: 0.00003154
    通道   4: 0.00003061
    通道  27: 0.00003044
    通道  17: 0.00003026
    通道  10: 0.00002991
    通道   5: 0.00002982
    通道  30: 0.00002962
    通道  12: 0.00002925
    通道  21: 0.00002918
    通道  11: 0.00002897
    通道  13: 0.00002836
    通道   2: 0.00002829
    通道  20: 0.00002774
    通道  24: 0.00002758
    通道   8: 0.00002622
    通道  28: 0.00002603
    通道  18: 0.00002592
    通道   3: 0.00002537
    通道  16: 0.00002532
    通道   7: 0.00002496
    通道  22: 0.00002474
    通道  25: 0.00002463

卷积层: layer2.2.conv1
  输入形状 (C, H, W): torch.Size([32, 16, 16])
  输入通道数: 32
  通道绝对平均梯度 (降序):
    通道  23: 0.00001792
    通道  20: 0.00001703
    通道  22: 0.00001697
    通道   5: 0.00001623
    通道   7: 0.00001596
    通道  15: 0.00001595
    通道   9: 0.00001581
    通道  28: 0.00001557
    通道  18: 0.00001555
    通道  16: 0.00001549
    通道  17: 0.00001542
    通道   1: 0.00001510
    通道   8: 0.00001477
    通道  12: 0.00001433
    通道  14: 0.00001411
    通道  25: 0.00001406
    通道  29: 0.00001367
    通道  11: 0.00001358
    通道  13: 0.00001342
    通道  31: 0.00001340
    通道   3: 0.00001328
    通道  21: 0.00001318
    通道   2: 0.00001316
    通道  24: 0.00001316
    通道  10: 0.00001237
    通道  19: 0.00001233
    通道  26: 0.00001229
    通道   0: 0.00001151
    通道   4: 0.00001143
    通道   6: 0.00001137
    通道  27: 0.00001067
    通道  30: 0.00000999

卷积层: layer2.2.conv2
  输入形状 (C, H, W): torch.Size([32, 16, 16])
  输入通道数: 32
  通道绝对平均梯度 (降序):
    通道  20: 0.00003417
    通道   3: 0.00003306
    通道  29: 0.00003240
    通道  12: 0.00003220
    通道   9: 0.00003216
    通道  31: 0.00003073
    通道  14: 0.00003066
    通道  19: 0.00003037
    通道  10: 0.00003019
    通道  11: 0.00002986
    通道  26: 0.00002976
    通道   2: 0.00002950
    通道   1: 0.00002894
    通道  25: 0.00002865
    通道  17: 0.00002859
    通道  30: 0.00002857
    通道  13: 0.00002857
    通道   8: 0.00002828
    通道   0: 0.00002824
    通道  22: 0.00002806
    通道   6: 0.00002805
    通道  24: 0.00002792
    通道  27: 0.00002783
    通道  23: 0.00002773
    通道  16: 0.00002767
    通道   7: 0.00002691
    通道   4: 0.00002667
    通道  18: 0.00002593
    通道  15: 0.00002517
    通道  21: 0.00002420
    通道   5: 0.00002369
    通道  28: 0.00002044

卷积层: layer3.0.conv1
  输入形状 (C, H, W): torch.Size([32, 16, 16])
  输入通道数: 32
  通道绝对平均梯度 (降序):
    通道  23: 0.00001454
    通道  16: 0.00001300
    通道  22: 0.00001278
    通道  20: 0.00001257
    通道  15: 0.00001244
    通道  25: 0.00001221
    通道   1: 0.00001213
    通道  14: 0.00001212
    通道   5: 0.00001200
    通道  18: 0.00001196
    通道  28: 0.00001169
    通道  17: 0.00001162
    通道  21: 0.00001162
    通道   7: 0.00001148
    通道   9: 0.00001144
    通道  11: 0.00001103
    通道  26: 0.00001090
    通道  29: 0.00001088
    通道  10: 0.00001082
    通道   4: 0.00001076
    通道   2: 0.00001058
    通道  13: 0.00001046
    通道  12: 0.00001044
    通道   3: 0.00001040
    通道  19: 0.00001021
    通道  31: 0.00001015
    通道   6: 0.00001013
    通道   8: 0.00001008
    通道  24: 0.00001002
    通道  27: 0.00000988
    通道   0: 0.00000959
    通道  30: 0.00000927

卷积层: layer3.0.conv2
  输入形状 (C, H, W): torch.Size([64, 8, 8])
  输入通道数: 64
  通道绝对平均梯度 (降序):
    通道  56: 0.00006048
    通道  19: 0.00005881
    通道  35: 0.00005467
    通道  50: 0.00005265
    通道  18: 0.00005255
    通道  34: 0.00005040
    通道  48: 0.00005031
    通道  25: 0.00005005
    通道  46: 0.00004993
    通道  17: 0.00004974
    通道  52: 0.00004913
    通道   2: 0.00004880
    通道  21: 0.00004856
    通道  62: 0.00004846
    通道  42: 0.00004818
    通道  14: 0.00004815
    通道  31: 0.00004723
    通道  10: 0.00004708
    通道  29: 0.00004658
    通道  16: 0.00004650
    通道  33: 0.00004650
    通道  40: 0.00004645
    通道  54: 0.00004642
    通道  41: 0.00004630
    通道   6: 0.00004593
    通道   9: 0.00004563
    通道  55: 0.00004532
    通道  32: 0.00004530
    通道   3: 0.00004518
    通道  39: 0.00004496
    通道  44: 0.00004486
    通道   5: 0.00004476
    通道  12: 0.00004448
    通道  28: 0.00004444
    通道  20: 0.00004384
    通道   7: 0.00004361
    通道  11: 0.00004339
    通道  24: 0.00004311
    通道   0: 0.00004307
    通道  22: 0.00004289
    通道  47: 0.00004280
    通道  36: 0.00004241
    通道  61: 0.00004205
    通道  63: 0.00004144
    通道   8: 0.00004141
    通道  26: 0.00004136
    通道   1: 0.00004082
    通道  13: 0.00004025
    通道  23: 0.00004010
    通道  27: 0.00003987
    通道  51: 0.00003985
    通道  43: 0.00003918
    通道   4: 0.00003898
    通道  49: 0.00003870
    通道  58: 0.00003850
    通道  38: 0.00003824
    通道  60: 0.00003806
    通道  45: 0.00003751
    通道  57: 0.00003736
    通道  59: 0.00003712
    通道  30: 0.00003652
    通道  53: 0.00003599
    通道  15: 0.00003402
    通道  37: 0.00003290

卷积层: layer3.1.conv1
  输入形状 (C, H, W): torch.Size([64, 8, 8])
  输入通道数: 64
  通道绝对平均梯度 (降序):
    通道  52: 0.00001951
    通道  42: 0.00001926
    通道  62: 0.00001926
    通道  44: 0.00001897
    通道  31: 0.00001895
    通道   0: 0.00001859
    通道  34: 0.00001857
    通道  47: 0.00001827
    通道  39: 0.00001827
    通道  61: 0.00001824
    通道  56: 0.00001785
    通道  58: 0.00001767
    通道  23: 0.00001766
    通道   1: 0.00001765
    通道  13: 0.00001746
    通道  41: 0.00001744
    通道  21: 0.00001727
    通道  30: 0.00001721
    通道  45: 0.00001708
    通道  15: 0.00001703
    通道   6: 0.00001691
    通道  60: 0.00001685
    通道  49: 0.00001660
    通道  22: 0.00001653
    通道   2: 0.00001653
    通道  19: 0.00001653
    通道  12: 0.00001649
    通道  26: 0.00001647
    通道  59: 0.00001646
    通道  32: 0.00001646
    通道  14: 0.00001643
    通道  63: 0.00001643
    通道  50: 0.00001637
    通道   3: 0.00001630
    通道  16: 0.00001627
    通道  17: 0.00001613
    通道  20: 0.00001605
    通道  10: 0.00001595
    通道  33: 0.00001594
    通道  24: 0.00001590
    通道  35: 0.00001576
    通道  18: 0.00001571
    通道  29: 0.00001564
    通道  38: 0.00001556
    通道  48: 0.00001554
    通道  43: 0.00001552
    通道  27: 0.00001547
    通道  55: 0.00001545
    通道   5: 0.00001524
    通道   8: 0.00001521
    通道  53: 0.00001489
    通道  46: 0.00001485
    通道   4: 0.00001479
    通道   9: 0.00001479
    通道  25: 0.00001470
    通道  40: 0.00001447
    通道  57: 0.00001421
    通道  54: 0.00001410
    通道  11: 0.00001401
    通道  36: 0.00001374
    通道  37: 0.00001345
    通道  51: 0.00001345
    通道   7: 0.00001311
    通道  28: 0.00001185

卷积层: layer3.1.conv2
  输入形状 (C, H, W): torch.Size([64, 8, 8])
  输入通道数: 64
  通道绝对平均梯度 (降序):
    通道  23: 0.00008186
    通道  38: 0.00007212
    通道  20: 0.00006768
    通道  15: 0.00006623
    通道  54: 0.00006496
    通道  43: 0.00006407
    通道  27: 0.00006333
    通道  22: 0.00006310
    通道  40: 0.00006168
    通道  46: 0.00006030
    通道  33: 0.00005938
    通道  44: 0.00005847
    通道  39: 0.00005803
    通道  50: 0.00005766
    通道  56: 0.00005757
    通道   0: 0.00005739
    通道  18: 0.00005732
    通道   8: 0.00005692
    通道   9: 0.00005656
    通道   4: 0.00005648
    通道  12: 0.00005600
    通道  31: 0.00005596
    通道  35: 0.00005590
    通道  26: 0.00005551
    通道  61: 0.00005548
    通道   7: 0.00005504
    通道   6: 0.00005485
    通道  17: 0.00005451
    通道  42: 0.00005429
    通道  19: 0.00005413
    通道  58: 0.00005364
    通道  16: 0.00005323
    通道  25: 0.00005295
    通道  28: 0.00005271
    通道  51: 0.00005268
    通道  53: 0.00005242
    通道  10: 0.00005241
    通道  32: 0.00005237
    通道  41: 0.00005206
    通道   2: 0.00005154
    通道  29: 0.00005150
    通道  24: 0.00005122
    通道   5: 0.00005111
    通道  55: 0.00005104
    通道   1: 0.00005076
    通道  48: 0.00005071
    通道  60: 0.00005018
    通道  34: 0.00004950
    通道  11: 0.00004925
    通道  21: 0.00004836
    通道  14: 0.00004806
    通道   3: 0.00004796
    通道  62: 0.00004779
    通道  49: 0.00004710
    通道  45: 0.00004696
    通道  52: 0.00004680
    通道  59: 0.00004653
    通道  47: 0.00004503
    通道  36: 0.00004486
    通道  37: 0.00004350
    通道  13: 0.00004294
    通道  57: 0.00004188
    通道  30: 0.00003972
    通道  63: 0.00003484

卷积层: layer3.2.conv1
  输入形状 (C, H, W): torch.Size([64, 8, 8])
  输入通道数: 64
  通道绝对平均梯度 (降序):
    通道  56: 0.00001320
    通道   0: 0.00001201
    通道  55: 0.00001183
    通道   1: 0.00001183
    通道  60: 0.00001141
    通道  10: 0.00001121
    通道  52: 0.00001121
    通道  58: 0.00001075
    通道   3: 0.00001064
    通道   2: 0.00001064
    通道  47: 0.00001062
    通道  12: 0.00001058
    通道   8: 0.00001056
    通道  63: 0.00001053
    通道  20: 0.00001050
    通道  15: 0.00001016
    通道  18: 0.00001012
    通道  21: 0.00001003
    通道  13: 0.00000990
    通道   9: 0.00000978
    通道  31: 0.00000976
    通道  41: 0.00000972
    通道  19: 0.00000954
    通道  48: 0.00000950
    通道  27: 0.00000950
    通道  62: 0.00000941
    通道  34: 0.00000941
    通道  59: 0.00000936
    通道  35: 0.00000918
    通道  14: 0.00000915
    通道  42: 0.00000909
    通道  61: 0.00000903
    通道  51: 0.00000888
    通道   4: 0.00000880
    通道  23: 0.00000879
    通道  54: 0.00000865
    通道   6: 0.00000844
    通道  45: 0.00000838
    通道  38: 0.00000836
    通道  22: 0.00000833
    通道  32: 0.00000826
    通道  44: 0.00000826
    通道  25: 0.00000822
    通道   5: 0.00000814
    通道  50: 0.00000810
    通道  17: 0.00000795
    通道  49: 0.00000792
    通道  11: 0.00000783
    通道  30: 0.00000753
    通道  53: 0.00000752
    通道  46: 0.00000745
    通道  26: 0.00000728
    通道  16: 0.00000725
    通道  29: 0.00000716
    通道  24: 0.00000679
    通道  33: 0.00000673
    通道  40: 0.00000665
    通道  43: 0.00000660
    通道  39: 0.00000624
    通道  57: 0.00000589
    通道  37: 0.00000517
    通道  36: 0.00000489
    通道   7: 0.00000478
    通道  28: 0.00000472

卷积层: layer3.2.conv2
  输入形状 (C, H, W): torch.Size([64, 8, 8])
  输入通道数: 64
  通道绝对平均梯度 (降序):
    通道   5: 0.00004738
    通道  31: 0.00004518
    通道  50: 0.00004454
    通道  26: 0.00004350
    通道  44: 0.00004208
    通道  57: 0.00004130
    通道   7: 0.00003897
    通道  35: 0.00003895
    通道  54: 0.00003803
    通道  10: 0.00003734
    通道  48: 0.00003693
    通道   2: 0.00003546
    通道  36: 0.00003499
    通道  20: 0.00003463
    通道  62: 0.00003397
    通道   9: 0.00003395
    通道  55: 0.00003393
    通道  61: 0.00003290
    通道  27: 0.00003282
    通道  21: 0.00003275
    通道  42: 0.00003172
    通道  40: 0.00003138
    通道   4: 0.00003111
    通道  56: 0.00003093
    通道  11: 0.00003051
    通道  22: 0.00002944
    通道  47: 0.00002942
    通道  51: 0.00002883
    通道  30: 0.00002779
    通道  19: 0.00002693
    通道   8: 0.00002684
    通道  33: 0.00002675
    通道  43: 0.00002528
    通道   6: 0.00002515
    通道  13: 0.00002426
    通道  34: 0.00002413
    通道   3: 0.00002404
    通道  17: 0.00002342
    通道  60: 0.00002306
    通道  53: 0.00002280
    通道  14: 0.00002276
    通道  23: 0.00002251
    通道  38: 0.00002199
    通道  59: 0.00002181
    通道  49: 0.00002167
    通道  58: 0.00002156
    通道  63: 0.00002128
    通道  46: 0.00002060
    通道   0: 0.00001861
    通道  15: 0.00001817
    通道  28: 0.00001690
    通道  18: 0.00001527
    通道  41: 0.00001393
    通道  29: 0.00001166
    通道   1: 0.00001070
    通道  45: 0.00000392
    通道  52: 0.00000000
    通道  39: 0.00000000
    通道  37: 0.00000000
    通道  32: 0.00000000
    通道  25: 0.00000000
    通道  24: 0.00000000
    通道  16: 0.00000000
    通道  12: 0.00000000
